This is pdfTeX, Version 3.141592653-2.6-1.40.24 (MiKTeX 21.12.10) (preloaded format=pdflatex 2021.12.23)  6 JAN 2022 21:46
entering extended mode
 restricted \write18 enabled.
 file:line:error style messages enabled.
 %&-line parsing enabled.
**c:/Users/gitop/repos/robust-control/report/LaTeX/main.tex
(c:/Users/gitop/repos/robust-control/report/LaTeX/main.tex
LaTeX2e <2021-11-15> patch level 1
L3 programming layer <2021-11-22> (C:\Users\gitop\AppData\Local\Programs\MiKTeX\tex/latex/base\article.cls
Document Class: article 2021/10/04 v1.4n Standard LaTeX document class
(C:\Users\gitop\AppData\Local\Programs\MiKTeX\tex/latex/base\size10.clo
File: size10.clo 2021/10/04 v1.4n Standard LaTeX file (size option)
)
\c@part=\count183
\c@section=\count184
\c@subsection=\count185
\c@subsubsection=\count186
\c@paragraph=\count187
\c@subparagraph=\count188
\c@figure=\count189
\c@table=\count190
\abovecaptionskip=\skip47
\belowcaptionskip=\skip48
\bibindent=\dimen138
) (INTERSPEECH2021.sty
Package: INTERSPEECH2021 2021/01/22 Official Interspeech 2021 package
 (C:\Users\gitop\AppData\Local\Programs\MiKTeX\tex/latex/graphics\graphicx.sty
Package: graphicx 2021/09/16 v1.2d Enhanced LaTeX Graphics (DPC,SPQR)
 (C:\Users\gitop\AppData\Local\Programs\MiKTeX\tex/latex/graphics\keyval.sty
Package: keyval 2014/10/28 v1.15 key=value parser (DPC)
\KV@toks@=\toks16
) (C:\Users\gitop\AppData\Local\Programs\MiKTeX\tex/latex/graphics\graphics.sty
Package: graphics 2021/03/04 v1.4d Standard LaTeX Graphics (DPC,SPQR)
 (C:\Users\gitop\AppData\Local\Programs\MiKTeX\tex/latex/graphics\trig.sty
Package: trig 2021/08/11 v1.11 sin cos tan (DPC)
) (C:\Users\gitop\AppData\Local\Programs\MiKTeX\tex/latex/graphics-cfg\graphics.cfg
File: graphics.cfg 2016/06/04 v1.11 sample graphics configuration
)
Package graphics Info: Driver file: pdftex.def on input line 107.
 (C:\Users\gitop\AppData\Local\Programs\MiKTeX\tex/latex/graphics-def\pdftex.def
File: pdftex.def 2020/10/05 v1.2a Graphics/color driver for pdftex
))
\Gin@req@height=\dimen139
\Gin@req@width=\dimen140
) (C:\Users\gitop\AppData\Local\Programs\MiKTeX\tex/latex/amsfonts\amssymb.sty
Package: amssymb 2013/01/14 v3.01 AMS font symbols
 (C:\Users\gitop\AppData\Local\Programs\MiKTeX\tex/latex/amsfonts\amsfonts.sty
Package: amsfonts 2013/01/14 v3.01 Basic AMSFonts support
\@emptytoks=\toks17
\symAMSa=\mathgroup4
\symAMSb=\mathgroup5
LaTeX Font Info:    Redeclaring math symbol \hbar on input line 98.
LaTeX Font Info:    Overwriting math alphabet `\mathfrak' in version `bold'
(Font)                  U/euf/m/n --> U/euf/b/n on input line 106.
)) (C:\Users\gitop\AppData\Local\Programs\MiKTeX\tex/latex/amsmath\amsmath.sty
Package: amsmath 2021/10/15 v2.17l AMS math features
\@mathmargin=\skip49

For additional information on amsmath, use the `?' option.
(C:\Users\gitop\AppData\Local\Programs\MiKTeX\tex/latex/amsmath\amstext.sty
Package: amstext 2021/08/26 v2.01 AMS text
 (C:\Users\gitop\AppData\Local\Programs\MiKTeX\tex/latex/amsmath\amsgen.sty
File: amsgen.sty 1999/11/30 v2.0 generic functions
\@emptytoks=\toks18
\ex@=\dimen141
)) (C:\Users\gitop\AppData\Local\Programs\MiKTeX\tex/latex/amsmath\amsbsy.sty
Package: amsbsy 1999/11/29 v1.2d Bold Symbols
\pmbraise@=\dimen142
) (C:\Users\gitop\AppData\Local\Programs\MiKTeX\tex/latex/amsmath\amsopn.sty
Package: amsopn 2021/08/26 v2.02 operator names
)
\inf@bad=\count191
LaTeX Info: Redefining \frac on input line 234.
\uproot@=\count192
\leftroot@=\count193
LaTeX Info: Redefining \overline on input line 399.
\classnum@=\count194
\DOTSCASE@=\count195
LaTeX Info: Redefining \ldots on input line 496.
LaTeX Info: Redefining \dots on input line 499.
LaTeX Info: Redefining \cdots on input line 620.
\Mathstrutbox@=\box50
\strutbox@=\box51
\big@size=\dimen143
LaTeX Font Info:    Redeclaring font encoding OML on input line 743.
LaTeX Font Info:    Redeclaring font encoding OMS on input line 744.
\macc@depth=\count196
\c@MaxMatrixCols=\count197
\dotsspace@=\muskip16
\c@parentequation=\count198
\dspbrk@lvl=\count199
\tag@help=\toks19
\row@=\count266
\column@=\count267
\maxfields@=\count268
\andhelp@=\toks20
\eqnshift@=\dimen144
\alignsep@=\dimen145
\tagshift@=\dimen146
\tagwidth@=\dimen147
\totwidth@=\dimen148
\lineht@=\dimen149
\@envbody=\toks21
\multlinegap=\skip50
\multlinetaggap=\skip51
\mathdisplay@stack=\toks22
LaTeX Info: Redefining \[ on input line 2938.
LaTeX Info: Redefining \] on input line 2939.
) (C:\Users\gitop\AppData\Local\Programs\MiKTeX\tex/latex/tools\bm.sty
Package: bm 2021/04/25 v1.2e Bold Symbol Support (DPC/FMi)
\symboldoperators=\mathgroup6
\symboldletters=\mathgroup7
\symboldsymbols=\mathgroup8
Package bm Info: No bold for \OMX/cmex/m/n, using \pmb.
Package bm Info: No bold for \U/msa/m/n, using \pmb.
Package bm Info: No bold for \U/msb/m/n, using \pmb.
LaTeX Font Info:    Redeclaring math alphabet \mathbf on input line 149.
) (C:\Users\gitop\AppData\Local\Programs\MiKTeX\tex/latex/base\textcomp.sty
Package: textcomp 2020/02/02 v2.0n Standard LaTeX package
) (C:\Users\gitop\AppData\Local\Programs\MiKTeX\tex/latex/booktabs\booktabs.sty
Package: booktabs 2020/01/12 v1.61803398 Publication quality tables
\heavyrulewidth=\dimen150
\lightrulewidth=\dimen151
\cmidrulewidth=\dimen152
\belowrulesep=\dimen153
\belowbottomsep=\dimen154
\aboverulesep=\dimen155
\abovetopsep=\dimen156
\cmidrulesep=\dimen157
\cmidrulekern=\dimen158
\defaultaddspace=\dimen159
\@cmidla=\count269
\@cmidlb=\count270
\@aboverulesep=\dimen160
\@belowrulesep=\dimen161
\@thisruleclass=\count271
\@lastruleclass=\count272
\@thisrulewidth=\dimen162
) (C:\Users\gitop\AppData\Local\Programs\MiKTeX\tex/latex/caption\caption.sty
Package: caption 2020/10/26 v3.5g Customizing captions (AR)
 (C:\Users\gitop\AppData\Local\Programs\MiKTeX\tex/latex/caption\caption3.sty
Package: caption3 2020/10/21 v2.2e caption3 kernel (AR)
\captionmargin=\dimen163
\captionmargin@=\dimen164
\captionwidth=\dimen165
\caption@tempdima=\dimen166
\caption@indent=\dimen167
\caption@parindent=\dimen168
\caption@hangindent=\dimen169
Package caption Info: Standard document class detected.
)
\c@caption@flags=\count273
\c@continuedfloat=\count274
)
\headrulewidth=\dimen170
\footrulewidth=\dimen171
\plainheadrulewidth=\dimen172
\plainfootrulewidth=\dimen173
\headwidth=\dimen174
) (C:\Users\gitop\AppData\Local\Programs\MiKTeX\tex/latex/hyperref\hyperref.sty
Package: hyperref 2021-06-07 v7.00m Hypertext links for LaTeX
 (C:\Users\gitop\AppData\Local\Programs\MiKTeX\tex/generic/ltxcmds\ltxcmds.sty
Package: ltxcmds 2020-05-10 v1.25 LaTeX kernel commands for general use (HO)
) (C:\Users\gitop\AppData\Local\Programs\MiKTeX\tex/generic/iftex\iftex.sty
Package: iftex 2020/03/06 v1.0d TeX engine tests
) (C:\Users\gitop\AppData\Local\Programs\MiKTeX\tex/generic/pdftexcmds\pdftexcmds.sty
Package: pdftexcmds 2020-06-27 v0.33 Utility functions of pdfTeX for LuaTeX (HO)
 (C:\Users\gitop\AppData\Local\Programs\MiKTeX\tex/generic/infwarerr\infwarerr.sty
Package: infwarerr 2019/12/03 v1.5 Providing info/warning/error messages (HO)
)
Package pdftexcmds Info: \pdf@primitive is available.
Package pdftexcmds Info: \pdf@ifprimitive is available.
Package pdftexcmds Info: \pdfdraftmode found.
) (C:\Users\gitop\AppData\Local\Programs\MiKTeX\tex/generic/kvsetkeys\kvsetkeys.sty
Package: kvsetkeys 2019/12/15 v1.18 Key value parser (HO)
) (C:\Users\gitop\AppData\Local\Programs\MiKTeX\tex/generic/kvdefinekeys\kvdefinekeys.sty
Package: kvdefinekeys 2019-12-19 v1.6 Define keys (HO)
) (C:\Users\gitop\AppData\Local\Programs\MiKTeX\tex/generic/pdfescape\pdfescape.sty
Package: pdfescape 2019/12/09 v1.15 Implements pdfTeX's escape features (HO)
) (C:\Users\gitop\AppData\Local\Programs\MiKTeX\tex/latex/hycolor\hycolor.sty
Package: hycolor 2020-01-27 v1.10 Color options for hyperref/bookmark (HO)
) (C:\Users\gitop\AppData\Local\Programs\MiKTeX\tex/latex/letltxmacro\letltxmacro.sty
Package: letltxmacro 2019/12/03 v1.6 Let assignment for LaTeX macros (HO)
) (C:\Users\gitop\AppData\Local\Programs\MiKTeX\tex/latex/auxhook\auxhook.sty
Package: auxhook 2019-12-17 v1.6 Hooks for auxiliary files (HO)
) (C:\Users\gitop\AppData\Local\Programs\MiKTeX\tex/latex/kvoptions\kvoptions.sty
Package: kvoptions 2020-10-07 v3.14 Key value format for package options (HO)
)
\@linkdim=\dimen175
\Hy@linkcounter=\count275
\Hy@pagecounter=\count276
 (C:\Users\gitop\AppData\Local\Programs\MiKTeX\tex/latex/hyperref\pd1enc.def
File: pd1enc.def 2021-06-07 v7.00m Hyperref: PDFDocEncoding definition (HO)
Now handling font encoding PD1 ...
... no UTF-8 mapping file for font encoding PD1
) (C:\Users\gitop\AppData\Local\Programs\MiKTeX\tex/latex/hyperref\hyperref-langpatches.def
File: hyperref-langpatches.def 2021-06-07 v7.00m Hyperref: patches for babel languages
) (C:\Users\gitop\AppData\Local\Programs\MiKTeX\tex/generic/intcalc\intcalc.sty
Package: intcalc 2019/12/15 v1.3 Expandable calculations with integers (HO)
) (C:\Users\gitop\AppData\Local\Programs\MiKTeX\tex/generic/etexcmds\etexcmds.sty
Package: etexcmds 2019/12/15 v1.7 Avoid name clashes with e-TeX commands (HO)
)
\Hy@SavedSpaceFactor=\count277
 (C:\Users\gitop\AppData\Local\Programs\MiKTeX\tex/latex/hyperref\puenc.def
File: puenc.def 2021-06-07 v7.00m Hyperref: PDF Unicode definition (HO)
Now handling font encoding PU ...
... no UTF-8 mapping file for font encoding PU
)
Package hyperref Info: Hyper figures OFF on input line 4192.
Package hyperref Info: Link nesting OFF on input line 4197.
Package hyperref Info: Hyper index ON on input line 4200.
Package hyperref Info: Plain pages OFF on input line 4207.
Package hyperref Info: Backreferencing OFF on input line 4212.
Package hyperref Info: Implicit mode ON; LaTeX internals redefined.
Package hyperref Info: Bookmarks ON on input line 4445.
\c@Hy@tempcnt=\count278
 (C:\Users\gitop\AppData\Local\Programs\MiKTeX\tex/latex/url\url.sty
\Urlmuskip=\muskip17
Package: url 2013/09/16  ver 3.4  Verb mode for urls, etc.
)
LaTeX Info: Redefining \url on input line 4804.
\XeTeXLinkMargin=\dimen176
 (C:\Users\gitop\AppData\Local\Programs\MiKTeX\tex/generic/bitset\bitset.sty
Package: bitset 2019/12/09 v1.3 Handle bit-vector datatype (HO)
 (C:\Users\gitop\AppData\Local\Programs\MiKTeX\tex/generic/bigintcalc\bigintcalc.sty
Package: bigintcalc 2019/12/15 v1.5 Expandable calculations on big integers (HO)
))
\Fld@menulength=\count279
\Field@Width=\dimen177
\Fld@charsize=\dimen178
Package hyperref Info: Hyper figures OFF on input line 6076.
Package hyperref Info: Link nesting OFF on input line 6081.
Package hyperref Info: Hyper index ON on input line 6084.
Package hyperref Info: backreferencing OFF on input line 6091.
Package hyperref Info: Link coloring OFF on input line 6096.
Package hyperref Info: Link coloring with OCG OFF on input line 6101.
Package hyperref Info: PDF/A mode OFF on input line 6106.
LaTeX Info: Redefining \ref on input line 6146.
LaTeX Info: Redefining \pageref on input line 6150.
 (C:\Users\gitop\AppData\Local\Programs\MiKTeX\tex/latex/base\atbegshi-ltx.sty
Package: atbegshi-ltx 2021/01/10 v1.0c Emulation of the original atbegshi
package with kernel methods
)
\Hy@abspage=\count280
\c@Item=\count281
\c@Hfootnote=\count282
)
Package hyperref Info: Driver (autodetected): hpdftex.
 (C:\Users\gitop\AppData\Local\Programs\MiKTeX\tex/latex/hyperref\hpdftex.def
File: hpdftex.def 2021-06-07 v7.00m Hyperref driver for pdfTeX
 (C:\Users\gitop\AppData\Local\Programs\MiKTeX\tex/latex/base\atveryend-ltx.sty
Package: atveryend-ltx 2020/08/19 v1.0a Emulation of the original atveryend package
with kernel methods
)
\Fld@listcount=\count283
\c@bookmark@seq@number=\count284
 (C:\Users\gitop\AppData\Local\Programs\MiKTeX\tex/latex/rerunfilecheck\rerunfilecheck.sty
Package: rerunfilecheck 2019/12/05 v1.9 Rerun checks for auxiliary files (HO)
 (C:\Users\gitop\AppData\Local\Programs\MiKTeX\tex/generic/uniquecounter\uniquecounter.sty
Package: uniquecounter 2019/12/15 v1.4 Provide unlimited unique counter (HO)
)
Package uniquecounter Info: New unique counter `rerunfilecheck' on input line 286.
)
\Hy@SectionHShift=\skip52
) (C:\Users\gitop\AppData\Local\Programs\MiKTeX\tex/latex/float\float.sty
Package: float 2001/11/08 v1.3d Float enhancements (AL)
\c@float@type=\count285
\float@exts=\toks23
\float@box=\box52
\@float@everytoks=\toks24
\@floatcapt=\box53
)
LaTeX Font Info:    Trying to load font information for OT1+ptm on input line 14.
 (C:\Users\gitop\AppData\Local\Programs\MiKTeX\tex/latex/psnfss\ot1ptm.fd
File: ot1ptm.fd 2001/06/04 font definitions for OT1/ptm.
) (C:\Users\gitop\AppData\Local\Programs\MiKTeX\tex/latex/l3backend\l3backend-pdftex.def
File: l3backend-pdftex.def 2021-12-14 L3 backend support: PDF output (pdfTeX)
\l__color_backend_stack_int=\count286
\l__pdf_internal_box=\box54
) (main.aux)
\openout1 = `main.aux'.

LaTeX Font Info:    Checking defaults for OML/cmm/m/it on input line 14.
LaTeX Font Info:    ... okay on input line 14.
LaTeX Font Info:    Checking defaults for OMS/cmsy/m/n on input line 14.
LaTeX Font Info:    ... okay on input line 14.
LaTeX Font Info:    Checking defaults for OT1/cmr/m/n on input line 14.
LaTeX Font Info:    ... okay on input line 14.
LaTeX Font Info:    Checking defaults for T1/cmr/m/n on input line 14.
LaTeX Font Info:    ... okay on input line 14.
LaTeX Font Info:    Checking defaults for TS1/cmr/m/n on input line 14.
LaTeX Font Info:    ... okay on input line 14.
LaTeX Font Info:    Checking defaults for OMX/cmex/m/n on input line 14.
LaTeX Font Info:    ... okay on input line 14.
LaTeX Font Info:    Checking defaults for U/cmr/m/n on input line 14.
LaTeX Font Info:    ... okay on input line 14.
LaTeX Font Info:    Checking defaults for PD1/pdf/m/n on input line 14.
LaTeX Font Info:    ... okay on input line 14.
LaTeX Font Info:    Checking defaults for PU/pdf/m/n on input line 14.
LaTeX Font Info:    ... okay on input line 14.
 (C:\Users\gitop\AppData\Local\Programs\MiKTeX\tex/context/base/mkii\supp-pdf.mkii
[Loading MPS to PDF converter (version 2006.09.02).]
\scratchcounter=\count287
\scratchdimen=\dimen179
\scratchbox=\box55
\nofMPsegments=\count288
\nofMParguments=\count289
\everyMPshowfont=\toks25
\MPscratchCnt=\count290
\MPscratchDim=\dimen180
\MPnumerator=\count291
\makeMPintoPDFobject=\count292
\everyMPtoPDFconversion=\toks26
) (C:\Users\gitop\AppData\Local\Programs\MiKTeX\tex/latex/epstopdf-pkg\epstopdf-base.sty
Package: epstopdf-base 2020-01-24 v2.11 Base part for package epstopdf
Package epstopdf-base Info: Redefining graphics rule for `.eps' on input line 485.
 (C:\Users\gitop\AppData\Local\Programs\MiKTeX\tex/latex/00miktex\epstopdf-sys.cfg
File: epstopdf-sys.cfg 2021/03/18 v2.0 Configuration of epstopdf for MiKTeX
))
Package caption Info: Begin \AtBeginDocument code.
Package caption Info: float package is loaded.
Package caption Info: hyperref package is loaded.
Package caption Info: End \AtBeginDocument code.
Package hyperref Info: Link coloring OFF on input line 14.
 (C:\Users\gitop\AppData\Local\Programs\MiKTeX\tex/latex/hyperref\nameref.sty
Package: nameref 2021-04-02 v2.47 Cross-referencing by name of section
 (C:\Users\gitop\AppData\Local\Programs\MiKTeX\tex/latex/refcount\refcount.sty
Package: refcount 2019/12/15 v3.6 Data extraction from label references (HO)
) (C:\Users\gitop\AppData\Local\Programs\MiKTeX\tex/generic/gettitlestring\gettitlestring.sty
Package: gettitlestring 2019/12/15 v1.6 Cleanup title references (HO)
)
\c@section@level=\count293
)
LaTeX Info: Redefining \ref on input line 14.
LaTeX Info: Redefining \pageref on input line 14.
LaTeX Info: Redefining \nameref on input line 14.
 (main.out) (main.out)
\@outlinefile=\write3
\openout3 = `main.out'.

<fig/fig1.png, id=51, 775.39688pt x 402.00188pt>
File: fig/fig1.png Graphic file (type png)
<use fig/fig1.png>
Package pdftex.def Info: fig/fig1.png  used on input line 28.
(pdftex.def)             Requested size: 398.33858pt x 206.52107pt.
LaTeX Font Info:    Trying to load font information for U+msa on input line 33.
 (C:\Users\gitop\AppData\Local\Programs\MiKTeX\tex/latex/amsfonts\umsa.fd
File: umsa.fd 2013/01/14 v3.01 AMS symbols A
)
LaTeX Font Info:    Trying to load font information for U+msb on input line 33.
 (C:\Users\gitop\AppData\Local\Programs\MiKTeX\tex/latex/amsfonts\umsb.fd
File: umsb.fd 2013/01/14 v3.01 AMS symbols B
) [1

{C:/Users/gitop/AppData/Local/MiKTeX/fonts/map/pdftex/pdftex.map} <./fig/fig1.png>]
Underfull \hbox (badness 10000) in paragraph at lines 76--77

 []


Underfull \hbox (badness 10000) in paragraph at lines 119--122

 []


Underfull \hbox (badness 10000) in paragraph at lines 124--132

 []

[2]
Underfull \hbox (badness 10000) in paragraph at lines 163--167

 []


Underfull \hbox (badness 10000) in paragraph at lines 163--167

 []

[3]
<fig/sim1/q.png, id=89, 1370.11874pt x 587.19376pt>
File: fig/sim1/q.png Graphic file (type png)
<use fig/sim1/q.png>
Package pdftex.def Info: fig/sim1/q.png  used on input line 319.
(pdftex.def)             Requested size: 426.79134pt x 182.90625pt.

Underfull \vbox (badness 10000) has occurred while \output is active []

 [4]
<fig/sim1/qdot.png, id=96, 1370.11874pt x 587.19376pt>
File: fig/sim1/qdot.png Graphic file (type png)
<use fig/sim1/qdot.png>
Package pdftex.def Info: fig/sim1/qdot.png  used on input line 325.
(pdftex.def)             Requested size: 426.79134pt x 182.90625pt.
<fig/sim1/phaseplane.png, id=97, 1053.9375pt x 451.6875pt>
File: fig/sim1/phaseplane.png Graphic file (type png)
<use fig/sim1/phaseplane.png>
Package pdftex.def Info: fig/sim1/phaseplane.png  used on input line 330.
(pdftex.def)             Requested size: 426.79134pt x 182.91176pt.
<fig/sim1/u.png, id=98, 1370.11874pt x 587.19376pt>
File: fig/sim1/u.png Graphic file (type png)
<use fig/sim1/u.png>
Package pdftex.def Info: fig/sim1/u.png  used on input line 335.
(pdftex.def)             Requested size: 426.79134pt x 182.90625pt.
<fig/sim1/sat.png, id=99, 1370.11874pt x 587.19376pt>
File: fig/sim1/sat.png Graphic file (type png)
<use fig/sim1/sat.png>
Package pdftex.def Info: fig/sim1/sat.png  used on input line 340.
(pdftex.def)             Requested size: 426.79134pt x 182.90625pt.
 [5 <./fig/sim1/q.png (PNG copy)> <./fig/sim1/qdot.png (PNG copy)> <./fig/sim1/phaseplane.png (PNG copy)>]
<fig/sim1/sliding.png, id=107, 1053.9375pt x 451.6875pt>
File: fig/sim1/sliding.png Graphic file (type png)
<use fig/sim1/sliding.png>
Package pdftex.def Info: fig/sim1/sliding.png  used on input line 345.
(pdftex.def)             Requested size: 426.79134pt x 182.91176pt.
<fig/sim1/s.png, id=108, 1370.11874pt x 587.19376pt>
File: fig/sim1/s.png Graphic file (type png)
<use fig/sim1/s.png>
Package pdftex.def Info: fig/sim1/s.png  used on input line 350.
(pdftex.def)             Requested size: 426.79134pt x 182.90625pt.
<fig/sim1/e.png, id=109, 1370.11874pt x 587.19376pt>
File: fig/sim1/e.png Graphic file (type png)
<use fig/sim1/e.png>
Package pdftex.def Info: fig/sim1/e.png  used on input line 355.
(pdftex.def)             Requested size: 426.79134pt x 182.90625pt.
 [6 <./fig/sim1/u.png (PNG copy)> <./fig/sim1/sat.png (PNG copy)> <./fig/sim1/sliding.png (PNG copy)>]
LaTeX Font Info:    Trying to load font information for TS1+ptm on input line 361.
 (C:\Users\gitop\AppData\Local\Programs\MiKTeX\tex/latex/psnfss\ts1ptm.fd
File: ts1ptm.fd 2001/06/04 font definitions for TS1/ptm.
)

Package hyperref Warning: Token not allowed in a PDF string (Unicode):
(hyperref)                removing `math shift' on input line 381.


Package hyperref Warning: Token not allowed in a PDF string (Unicode):
(hyperref)                removing `math shift' on input line 381.

<fig/sim1/qc10.png, id=117, 1370.11874pt x 587.19376pt>
File: fig/sim1/qc10.png Graphic file (type png)
<use fig/sim1/qc10.png>
Package pdftex.def Info: fig/sim1/qc10.png  used on input line 386.
(pdftex.def)             Requested size: 426.79134pt x 182.90625pt.
[7 <./fig/sim1/s.png (PNG copy)> <./fig/sim1/e.png (PNG copy)>]
<fig/sim1/uc10.png, id=126, 1370.11874pt x 587.19376pt>
File: fig/sim1/uc10.png Graphic file (type png)
<use fig/sim1/uc10.png>
Package pdftex.def Info: fig/sim1/uc10.png  used on input line 391.
(pdftex.def)             Requested size: 426.79134pt x 182.90625pt.
<fig/sim1/sc10.png, id=127, 1370.11874pt x 587.19376pt>
File: fig/sim1/sc10.png Graphic file (type png)
<use fig/sim1/sc10.png>
Package pdftex.def Info: fig/sim1/sc10.png  used on input line 396.
(pdftex.def)             Requested size: 426.79134pt x 182.90625pt.
<fig/sim1/ec10.png, id=128, 1370.11874pt x 587.19376pt>
File: fig/sim1/ec10.png Graphic file (type png)
<use fig/sim1/ec10.png>
Package pdftex.def Info: fig/sim1/ec10.png  used on input line 401.
(pdftex.def)             Requested size: 426.79134pt x 182.90625pt.

Underfull \vbox (badness 10000) has occurred while \output is active []

 [8 <./fig/sim1/qc10.png (PNG copy)> <./fig/sim1/uc10.png (PNG copy)>]

Package hyperref Warning: Token not allowed in a PDF string (Unicode):
(hyperref)                removing `math shift' on input line 413.


Package hyperref Warning: Token not allowed in a PDF string (Unicode):
(hyperref)                removing `\Lambda' on input line 413.


Package hyperref Warning: Token not allowed in a PDF string (Unicode):
(hyperref)                removing `math shift' on input line 413.

<fig/sim1/q05.png, id=135, 1370.11874pt x 587.19376pt>
File: fig/sim1/q05.png Graphic file (type png)
<use fig/sim1/q05.png>
Package pdftex.def Info: fig/sim1/q05.png  used on input line 432.
(pdftex.def)             Requested size: 426.79134pt x 182.90625pt.
[9 <./fig/sim1/sc10.png (PNG copy)> <./fig/sim1/ec10.png (PNG copy)>]
<fig/sim1/q25.png, id=142, 1370.11874pt x 587.19376pt>
File: fig/sim1/q25.png Graphic file (type png)
<use fig/sim1/q25.png>
Package pdftex.def Info: fig/sim1/q25.png  used on input line 442.
(pdftex.def)             Requested size: 426.79134pt x 182.90625pt.

Underfull \hbox (badness 10000) in paragraph at lines 436--444

 []

<fig/sim1/u25.png, id=143, 1370.11874pt x 587.19376pt>
File: fig/sim1/u25.png Graphic file (type png)
<use fig/sim1/u25.png>
Package pdftex.def Info: fig/sim1/u25.png  used on input line 450.
(pdftex.def)             Requested size: 426.79134pt x 182.90625pt.

Underfull \vbox (badness 10000) has occurred while \output is active []

 [10 <./fig/sim1/q05.png (PNG copy)> <./fig/sim1/q25.png (PNG copy)>]
<fig/sim2/q.png, id=150, 1370.11874pt x 587.19376pt>
File: fig/sim2/q.png Graphic file (type png)
<use fig/sim2/q.png>
Package pdftex.def Info: fig/sim2/q.png  used on input line 477.
(pdftex.def)             Requested size: 426.79134pt x 182.90625pt.
<fig/sim2/qlong.png, id=151, 1370.11874pt x 587.19376pt>
File: fig/sim2/qlong.png Graphic file (type png)
<use fig/sim2/qlong.png>
Package pdftex.def Info: fig/sim2/qlong.png  used on input line 482.
(pdftex.def)             Requested size: 426.79134pt x 182.90625pt.
<fig/sim2/qdot.png, id=152, 1370.11874pt x 587.19376pt>
File: fig/sim2/qdot.png Graphic file (type png)
<use fig/sim2/qdot.png>
Package pdftex.def Info: fig/sim2/qdot.png  used on input line 487.
(pdftex.def)             Requested size: 426.79134pt x 182.90625pt.

Underfull \vbox (badness 10000) has occurred while \output is active []

 [11 <./fig/sim1/u25.png (PNG copy)> <./fig/sim2/q.png (PNG copy)>]
<fig/sim2/qdotlong.png, id=159, 1370.11874pt x 587.19376pt>
File: fig/sim2/qdotlong.png Graphic file (type png)
<use fig/sim2/qdotlong.png>
Package pdftex.def Info: fig/sim2/qdotlong.png  used on input line 492.
(pdftex.def)             Requested size: 426.79134pt x 182.90625pt.
<fig/sim2/phaseplanelong.png, id=160, 1370.11874pt x 587.19376pt>
File: fig/sim2/phaseplanelong.png Graphic file (type png)
<use fig/sim2/phaseplanelong.png>
Package pdftex.def Info: fig/sim2/phaseplanelong.png  used on input line 497.
(pdftex.def)             Requested size: 426.79134pt x 182.90625pt.
<fig/sim2/u.png, id=161, 1370.11874pt x 587.19376pt>
File: fig/sim2/u.png Graphic file (type png)
<use fig/sim2/u.png>
Package pdftex.def Info: fig/sim2/u.png  used on input line 502.
(pdftex.def)             Requested size: 426.79134pt x 182.90625pt.
 [12 <./fig/sim2/qlong.png (PNG copy)> <./fig/sim2/qdot.png (PNG copy)> <./fig/sim2/qdotlong.png (PNG copy)>]
<fig/sim2/ulong.png, id=169, 1370.11874pt x 587.19376pt>
File: fig/sim2/ulong.png Graphic file (type png)
<use fig/sim2/ulong.png>
Package pdftex.def Info: fig/sim2/ulong.png  used on input line 507.
(pdftex.def)             Requested size: 426.79134pt x 182.90625pt.
<fig/sim2/sat.png, id=170, 1370.11874pt x 587.19376pt>
File: fig/sim2/sat.png Graphic file (type png)
<use fig/sim2/sat.png>
Package pdftex.def Info: fig/sim2/sat.png  used on input line 512.
(pdftex.def)             Requested size: 426.79134pt x 182.90625pt.
<fig/sim2/slidinglong.png, id=171, 1370.11874pt x 587.19376pt>
File: fig/sim2/slidinglong.png Graphic file (type png)
<use fig/sim2/slidinglong.png>
Package pdftex.def Info: fig/sim2/slidinglong.png  used on input line 517.
(pdftex.def)             Requested size: 426.79134pt x 182.90625pt.
 [13 <./fig/sim2/phaseplanelong.png (PNG copy)> <./fig/sim2/u.png (PNG copy)> <./fig/sim2/ulong.png (PNG copy)>]
<fig/sim2/s.png, id=180, 1370.11874pt x 587.19376pt>
File: fig/sim2/s.png Graphic file (type png)
<use fig/sim2/s.png>
Package pdftex.def Info: fig/sim2/s.png  used on input line 522.
(pdftex.def)             Requested size: 426.79134pt x 182.90625pt.
<fig/sim2/e.png, id=181, 1370.11874pt x 587.19376pt>
File: fig/sim2/e.png Graphic file (type png)
<use fig/sim2/e.png>
Package pdftex.def Info: fig/sim2/e.png  used on input line 527.
(pdftex.def)             Requested size: 426.79134pt x 182.90625pt.
<fig/sim2/elong.png, id=182, 1370.11874pt x 587.19376pt>
File: fig/sim2/elong.png Graphic file (type png)
<use fig/sim2/elong.png>
Package pdftex.def Info: fig/sim2/elong.png  used on input line 532.
(pdftex.def)             Requested size: 426.79134pt x 182.90625pt.
 [14 <./fig/sim2/sat.png (PNG copy)> <./fig/sim2/slidinglong.png (PNG copy)> <./fig/sim2/s.png (PNG copy)>]

Package hyperref Warning: Token not allowed in a PDF string (Unicode):
(hyperref)                removing `math shift' on input line 553.


Package hyperref Warning: Token not allowed in a PDF string (Unicode):
(hyperref)                removing `math shift' on input line 553.

<fig/sim2/c1/q1.png, id=190, 1370.11874pt x 587.19376pt>
File: fig/sim2/c1/q1.png Graphic file (type png)
<use fig/sim2/c1/q1.png>
Package pdftex.def Info: fig/sim2/c1/q1.png  used on input line 558.
(pdftex.def)             Requested size: 426.79134pt x 182.90625pt.
<fig/sim2/c1/s1.png, id=191, 1370.11874pt x 587.19376pt>
File: fig/sim2/c1/s1.png Graphic file (type png)
<use fig/sim2/c1/s1.png>
Package pdftex.def Info: fig/sim2/c1/s1.png  used on input line 563.
(pdftex.def)             Requested size: 426.79134pt x 182.90625pt.
[15 <./fig/sim2/e.png (PNG copy)> <./fig/sim2/elong.png (PNG copy)>]
<fig/sim2/c1/e1.png, id=198, 1370.11874pt x 587.19376pt>
File: fig/sim2/c1/e1.png Graphic file (type png)
<use fig/sim2/c1/e1.png>
Package pdftex.def Info: fig/sim2/c1/e1.png  used on input line 568.
(pdftex.def)             Requested size: 426.79134pt x 182.90625pt.
<fig/sim2/c25/q25.png, id=199, 1370.11874pt x 587.19376pt>
File: fig/sim2/c25/q25.png Graphic file (type png)
<use fig/sim2/c25/q25.png>
Package pdftex.def Info: fig/sim2/c25/q25.png  used on input line 573.
(pdftex.def)             Requested size: 426.79134pt x 182.90625pt.
<fig/sim2/c25/s25.png, id=200, 1370.11874pt x 587.19376pt>
File: fig/sim2/c25/s25.png Graphic file (type png)
<use fig/sim2/c25/s25.png>
Package pdftex.def Info: fig/sim2/c25/s25.png  used on input line 578.
(pdftex.def)             Requested size: 426.79134pt x 182.90625pt.
 [16 <./fig/sim2/c1/q1.png (PNG copy)> <./fig/sim2/c1/s1.png (PNG copy)> <./fig/sim2/c1/e1.png (PNG copy)>]
<fig/sim2/c25/e25.png, id=208, 1370.11874pt x 587.19376pt>
File: fig/sim2/c25/e25.png Graphic file (type png)
<use fig/sim2/c25/e25.png>
Package pdftex.def Info: fig/sim2/c25/e25.png  used on input line 583.
(pdftex.def)             Requested size: 426.79134pt x 182.90625pt.
 [17 <./fig/sim2/c25/q25.png (PNG copy)> <./fig/sim2/c25/s25.png (PNG copy)> <./fig/sim2/c25/e25.png (PNG copy)>]

Package hyperref Warning: Token not allowed in a PDF string (Unicode):
(hyperref)                removing `math shift' on input line 594.


Package hyperref Warning: Token not allowed in a PDF string (Unicode):
(hyperref)                removing `\Lambda' on input line 594.


Package hyperref Warning: Token not allowed in a PDF string (Unicode):
(hyperref)                removing `math shift' on input line 594.

[18] (main.aux)
Package rerunfilecheck Info: File `main.out' has not changed.
(rerunfilecheck)             Checksum: A29F18981A7B86B6A32627EB2ABD5DF9;1969.
 ) 
Here is how much of TeX's memory you used:
 11330 strings out of 478659
 183261 string characters out of 2845919
 478914 words of memory out of 3000000
 29169 multiletter control sequences out of 15000+600000
 420999 words of font info for 66 fonts, out of 8000000 for 9000
 1141 hyphenation exceptions out of 8191
 70i,11n,77p,361b,356s stack positions out of 5000i,500n,10000p,200000b,80000s
{C:/Users/gitop/AppData/Local/Programs/MiKTeX/fonts/enc/dvips/base/8r.enc}<C:/Users/gitop/AppData/Local/Programs/MiKTeX/fonts/type1/public/amsfonts/cmextra/cmex9.pfb><C:/Users/gitop/AppData/Local/Programs/MiKTeX/fonts/type1/public/amsfonts/cm/cmmi5.pfb><C:/Users/gitop/AppData/Local/Programs/MiKTeX/fonts/type1/public/amsfonts/cm/cmmi6.pfb><C:/Users/gitop/AppData/Local/Programs/MiKTeX/fonts/type1/public/amsfonts/cm/cmmi9.pfb><C:/Users/gitop/AppData/Local/Programs/MiKTeX/fonts/type1/public/amsfonts/cm/cmr5.pfb><C:/Users/gitop/AppData/Local/Programs/MiKTeX/fonts/type1/public/amsfonts/cm/cmr6.pfb><C:/Users/gitop/AppData/Local/Programs/MiKTeX/fonts/type1/public/amsfonts/cm/cmr9.pfb><C:/Users/gitop/AppData/Local/Programs/MiKTeX/fonts/type1/public/amsfonts/cm/cmsy6.pfb><C:/Users/gitop/AppData/Local/Programs/MiKTeX/fonts/type1/public/amsfonts/cm/cmsy9.pfb><C:/Users/gitop/AppData/Local/Programs/MiKTeX/fonts/type1/public/amsfonts/symbols/msbm10.pfb><C:/Users/gitop/AppData/Local/Programs/MiKTeX/fonts/type1/urw/times/utmb8a.pfb><C:/Users/gitop/AppData/Local/Programs/MiKTeX/fonts/type1/urw/times/utmr8a.pfb><C:/Users/gitop/AppData/Local/Programs/MiKTeX/fonts/type1/urw/times/utmri8a.pfb>
Output written on main.pdf (18 pages, 1408619 bytes).
PDF statistics:
 294 PDF objects out of 1000 (max. 8388607)
 78 named destinations out of 1000 (max. 500000)
 267 words of extra memory for PDF output out of 10000 (max. 10000000)

